This file contains any messages produced by compilers while
running configure, to aid debugging if configure makes a mistake.

It was created by python_cryphto configure 0.1, which was
generated by GNU Autoconf 2.69.  Invocation command line was

  $ /home/ram/Script/uni/crypto/configure --enable-maintainer-mode

## --------- ##
## Platform. ##
## --------- ##

hostname = ramin-najarbashi
uname -m = x86_64
uname -r = 3.8.10-1-ARCH
uname -s = Linux
uname -v = #1 SMP PREEMPT Sat Apr 27 12:36:59 CEST 2013

/usr/bin/uname -p = unknown
/bin/uname -X     = unknown

/bin/arch              = unknown
/usr/bin/arch -k       = unknown
/usr/convex/getsysinfo = unknown
/usr/bin/hostinfo      = unknown
/bin/machine           = unknown
/usr/bin/oslevel       = unknown
/bin/universe          = unknown

PATH: /usr/local/bin
PATH: /usr/bin
PATH: /bin
PATH: /usr/local/sbin
PATH: /usr/sbin
PATH: /sbin
PATH: /usr/bin/core_perl


## ----------- ##
## Core tests. ##
## ----------- ##

configure:1769: checking for a BSD-compatible install
configure:1837: result: /usr/bin/install -c
configure:1848: checking whether build environment is sane
configure:1903: result: yes
configure:2054: checking for a thread-safe mkdir -p
configure:2093: result: /usr/bin/mkdir -p
configure:2100: checking for gawk
configure:2116: found /usr/bin/gawk
configure:2127: result: gawk
configure:2138: checking whether make sets $(MAKE)
configure:2160: result: yes
configure:2189: checking whether make supports nested variables
configure:2206: result: yes
configure:2297: checking whether make supports nested variables
configure:2314: result: yes
configure:2338: checking for python
configure:2356: found /usr/bin/python
configure:2368: result: /usr/bin/python
configure:2389: checking for python version
configure:2396: result: 3.3
configure:2408: checking for python platform
configure:2415: result: linux
configure:2441: checking for python script directory
configure:2476: result: ${prefix}/lib/python3.3/site-packages
configure:2485: checking for python extension module directory
configure:2520: result: ${exec_prefix}/lib/python3.3/site-packages
configure:2651: checking that generated files are newer than configure
configure:2657: result: done
configure:2665: creating ./config.status

## ---------------------- ##
## Running config.status. ##
## ---------------------- ##

This file was extended by python_cryphto config.status 0.1, which was
generated by GNU Autoconf 2.69.  Invocation command line was

  CONFIG_FILES    = 
  CONFIG_HEADERS  = 
  CONFIG_LINKS    = 
  CONFIG_COMMANDS = 
  $ ./config.status 

on ramin-najarbashi

config.status:819: creating Makefile
config.status:819: creating src/Makefile
config.status:819: creating config.h
configure:3868: WARNING: unrecognized options: --enable-maintainer-mode

## ---------------- ##
## Cache variables. ##
## ---------------- ##

ac_cv_env_PYTHON_set=
ac_cv_env_PYTHON_value=
ac_cv_env_build_alias_set=
ac_cv_env_build_alias_value=
ac_cv_env_host_alias_set=
ac_cv_env_host_alias_value=
ac_cv_env_target_alias_set=
ac_cv_env_target_alias_value=
ac_cv_path_PYTHON=/usr/bin/python
ac_cv_path_install='/usr/bin/install -c'
ac_cv_path_mkdir=/usr/bin/mkdir
ac_cv_prog_AWK=gawk
ac_cv_prog_make_make_set=yes
am_cv_make_support_nested_variables=yes
am_cv_python_platform=linux
am_cv_python_pyexecdir='${exec_prefix}/lib/python3.3/site-packages'
am_cv_python_pythondir='${prefix}/lib/python3.3/site-packages'
am_cv_python_version=3.3

## ----------------- ##
## Output variables. ##
## ----------------- ##

ACLOCAL='${SHELL} /home/ram/Script/uni/crypto/missing aclocal-1.13'
AMTAR='$${TAR-tar}'
AM_BACKSLASH='\'
AM_DEFAULT_V='$(AM_DEFAULT_VERBOSITY)'
AM_DEFAULT_VERBOSITY='0'
AM_V='$(V)'
AUTOCONF='${SHELL} /home/ram/Script/uni/crypto/missing autoconf'
AUTOHEADER='${SHELL} /home/ram/Script/uni/crypto/missing autoheader'
AUTOMAKE='${SHELL} /home/ram/Script/uni/crypto/missing automake-1.13'
AWK='gawk'
CYGPATH_W='echo'
DEFS='-DHAVE_CONFIG_H'
ECHO_C=''
ECHO_N='-n'
ECHO_T=''
INSTALL_DATA='${INSTALL} -m 644'
INSTALL_PROGRAM='${INSTALL}'
INSTALL_SCRIPT='${INSTALL}'
INSTALL_STRIP_PROGRAM='$(install_sh) -c -s'
LIBOBJS=''
LIBS=''
LTLIBOBJS=''
MAKEINFO='${SHELL} /home/ram/Script/uni/crypto/missing makeinfo'
MKDIR_P='/usr/bin/mkdir -p'
PACKAGE='python_cryphto'
PACKAGE_BUGREPORT=''
PACKAGE_NAME='python_cryphto'
PACKAGE_STRING='python_cryphto 0.1'
PACKAGE_TARNAME='python_cryphto'
PACKAGE_URL=''
PACKAGE_VERSION='0.1'
PATH_SEPARATOR=':'
PYTHON='/usr/bin/python'
PYTHON_EXEC_PREFIX='${exec_prefix}'
PYTHON_PLATFORM='linux'
PYTHON_PREFIX='${prefix}'
PYTHON_VERSION='3.3'
SET_MAKE=''
SHELL='/bin/sh'
STRIP=''
VERSION='0.1'
am__isrc=''
am__leading_dot='.'
am__tar='$${TAR-tar} chof - "$$tardir"'
am__untar='$${TAR-tar} xf -'
bindir='${exec_prefix}/bin'
build_alias=''
datadir='${datarootdir}'
datarootdir='${prefix}/share'
docdir='${datarootdir}/doc/${PACKAGE_TARNAME}'
dvidir='${docdir}'
exec_prefix='${prefix}'
host_alias=''
htmldir='${docdir}'
includedir='${prefix}/include'
infodir='${datarootdir}/info'
install_sh='${SHELL} /home/ram/Script/uni/crypto/install-sh'
libdir='${exec_prefix}/lib'
libexecdir='${exec_prefix}/libexec'
localedir='${datarootdir}/locale'
localstatedir='${prefix}/var'
mandir='${datarootdir}/man'
mkdir_p='$(MKDIR_P)'
oldincludedir='/usr/include'
pdfdir='${docdir}'
pkgpyexecdir='${pyexecdir}/python_cryphto'
pkgpythondir='${pythondir}/python_cryphto'
prefix='/usr/local'
program_transform_name='s,x,x,'
psdir='${docdir}'
pyexecdir='${exec_prefix}/lib/python3.3/site-packages'
pythondir='${prefix}/lib/python3.3/site-packages'
sbindir='${exec_prefix}/sbin'
sharedstatedir='${prefix}/com'
sysconfdir='${prefix}/etc'
target_alias=''

## ----------- ##
## confdefs.h. ##
## ----------- ##

/* confdefs.h */
#define PACKAGE_NAME "python_cryphto"
#define PACKAGE_TARNAME "python_cryphto"
#define PACKAGE_VERSION "0.1"
#define PACKAGE_STRING "python_cryphto 0.1"
#define PACKAGE_BUGREPORT ""
#define PACKAGE_URL ""
#define PACKAGE "python_cryphto"
#define VERSION "0.1"

configure: exit 0

## ---------------------- ##
## Running config.status. ##
## ---------------------- ##

This file was extended by python_cryphto config.status 0.1, which was
generated by GNU Autoconf 2.69.  Invocation command line was

  CONFIG_FILES    = 
  CONFIG_HEADERS  = 
  CONFIG_LINKS    = 
  CONFIG_COMMANDS = 
  $ ./config.status src/Makefile

on ramin-najarbashi

config.status:819: creating src/Makefile
